This is pdfTeX, Version 3.1415926-2.5-1.40.14 (TeX Live 2013/Debian) (format=pdflatex 2016.2.3)  10 MAR 2016 14:09
entering extended mode
 restricted \write18 enabled.
 %&-line parsing enabled.
**t_DGG2016.tex
(./t_DGG2016.tex
LaTeX2e <2011/06/27>
Babel <3.9h> and hyphenation patterns for 9 languages loaded.
(/usr/share/texmf/tex/latex/beamer/base/beamer.cls
(/usr/share/texmf/tex/latex/beamer/base/beamerbasercs.sty
Package: beamerbasercs 2012/11/13 (rcs-revision cb16a617839f)
)
Document Class: beamer 2012/10/15 development version 3.24 A class for typesett
ing presentations (rcs-revision 24853e6b98cf)
(/usr/share/texmf/tex/latex/beamer/base/beamerbasemodes.sty
Package: beamerbasemodes 2012/04/15 (rcs-revision cc6557182d97)
\beamer@tempbox=\box26
\beamer@tempcount=\count79
\c@beamerpauses=\count80

(/usr/share/texmf/tex/latex/beamer/base/beamerbasedecode.sty
Package: beamerbasedecode 2010/05/01 (rcs-revision efa082c6111d)
\beamer@slideinframe=\count81
\beamer@minimum=\count82
)
\beamer@commentbox=\box27
\beamer@modecount=\count83
)
(/usr/share/texlive/texmf-dist/tex/generic/oberdiek/ifpdf.sty
Package: ifpdf 2011/01/30 v2.3 Provides the ifpdf switch (HO)
Package ifpdf Info: pdfTeX in PDF mode is detected.
)
\headheight=\dimen102
\headdp=\dimen103
\footheight=\dimen104
\sidebarheight=\dimen105
\beamer@tempdim=\dimen106
\beamer@finalheight=\dimen107
\beamer@animht=\dimen108
\beamer@animdp=\dimen109
\beamer@animwd=\dimen110
\beamer@leftmargin=\dimen111
\beamer@rightmargin=\dimen112
\beamer@leftsidebar=\dimen113
\beamer@rightsidebar=\dimen114
\beamer@boxsize=\dimen115
\beamer@vboxoffset=\dimen116
\beamer@descdefault=\dimen117
\beamer@descriptionwidth=\dimen118
\beamer@lastskip=\skip41
\beamer@areabox=\box28
\beamer@animcurrent=\box29
\beamer@animshowbox=\box30
\beamer@sectionbox=\box31
\beamer@logobox=\box32
\beamer@linebox=\box33
\beamer@sectioncount=\count84
\beamer@subsubsectionmax=\count85
\beamer@subsectionmax=\count86
\beamer@sectionmax=\count87
\beamer@totalheads=\count88
\beamer@headcounter=\count89
\beamer@partstartpage=\count90
\beamer@sectionstartpage=\count91
\beamer@subsectionstartpage=\count92
\beamer@animationtempa=\count93
\beamer@animationtempb=\count94
\beamer@xpos=\count95
\beamer@ypos=\count96
\beamer@showpartnumber=\count97
\beamer@currentsubsection=\count98
\beamer@coveringdepth=\count99
\beamer@sectionadjust=\count100
\beamer@tocsectionnumber=\count101

(/usr/share/texmf/tex/latex/beamer/base/beamerbaseoptions.sty
Package: beamerbaseoptions 2010/04/27 (rcs-revision 982469101dd6)

(/usr/share/texlive/texmf-dist/tex/latex/graphics/keyval.sty
Package: keyval 1999/03/16 v1.13 key=value parser (DPC)
\KV@toks@=\toks14
))
\beamer@paperwidth=\skip42
\beamer@paperheight=\skip43

(/usr/share/texlive/texmf-dist/tex/latex/geometry/geometry.sty
Package: geometry 2010/09/12 v5.6 Page Geometry

(/usr/share/texlive/texmf-dist/tex/generic/oberdiek/ifvtex.sty
Package: ifvtex 2010/03/01 v1.5 Detect VTeX and its facilities (HO)
Package ifvtex Info: VTeX not detected.
)
(/usr/share/texlive/texmf-dist/tex/generic/ifxetex/ifxetex.sty
Package: ifxetex 2010/09/12 v0.6 Provides ifxetex conditional
)
\Gm@cnth=\count102
\Gm@cntv=\count103
\c@Gm@tempcnt=\count104
\Gm@bindingoffset=\dimen119
\Gm@wd@mp=\dimen120
\Gm@odd@mp=\dimen121
\Gm@even@mp=\dimen122
\Gm@layoutwidth=\dimen123
\Gm@layoutheight=\dimen124
\Gm@layouthoffset=\dimen125
\Gm@layoutvoffset=\dimen126
\Gm@dimlist=\toks15
)
(/usr/share/texlive/texmf-dist/tex/latex/base/size11.clo
File: size11.clo 2007/10/19 v1.4h Standard LaTeX file (size option)
)
(/usr/share/texmf/tex/latex/pgf/basiclayer/pgfcore.sty
(/usr/share/texlive/texmf-dist/tex/latex/graphics/graphicx.sty
Package: graphicx 1999/02/16 v1.0f Enhanced LaTeX Graphics (DPC,SPQR)

(/usr/share/texlive/texmf-dist/tex/latex/graphics/graphics.sty
Package: graphics 2009/02/05 v1.0o Standard LaTeX Graphics (DPC,SPQR)

(/usr/share/texlive/texmf-dist/tex/latex/graphics/trig.sty
Package: trig 1999/03/16 v1.09 sin cos tan (DPC)
)
(/usr/share/texlive/texmf-dist/tex/latex/latexconfig/graphics.cfg
File: graphics.cfg 2010/04/23 v1.9 graphics configuration of TeX Live
)
Package graphics Info: Driver file: pdftex.def on input line 91.

(/usr/share/texlive/texmf-dist/tex/latex/pdftex-def/pdftex.def
File: pdftex.def 2011/05/27 v0.06d Graphics/color for pdfTeX

(/usr/share/texlive/texmf-dist/tex/generic/oberdiek/infwarerr.sty
Package: infwarerr 2010/04/08 v1.3 Providing info/warning/error messages (HO)
)
(/usr/share/texlive/texmf-dist/tex/generic/oberdiek/ltxcmds.sty
Package: ltxcmds 2011/11/09 v1.22 LaTeX kernel commands for general use (HO)
)
\Gread@gobject=\count105
))
\Gin@req@height=\dimen127
\Gin@req@width=\dimen128
)
(/usr/share/texmf/tex/latex/pgf/systemlayer/pgfsys.sty
(/usr/share/texmf/tex/latex/pgf/utilities/pgfrcs.sty
(/usr/share/texmf/tex/generic/pgf/utilities/pgfutil-common.tex
\pgfutil@everybye=\toks16
)
(/usr/share/texmf/tex/generic/pgf/utilities/pgfutil-latex.def
\pgfutil@abb=\box34

(/usr/share/texlive/texmf-dist/tex/latex/ms/everyshi.sty
Package: everyshi 2001/05/15 v3.00 EveryShipout Package (MS)
))
(/usr/share/texmf/tex/generic/pgf/utilities/pgfrcs.code.tex
Package: pgfrcs 2010/10/25 v2.10 (rcs-revision 1.24)
))
(/usr/share/texmf/tex/generic/pgf/systemlayer/pgfsys.code.tex
Package: pgfsys 2010/06/30 v2.10 (rcs-revision 1.37)

(/usr/share/texmf/tex/generic/pgf/utilities/pgfkeys.code.tex
\pgfkeys@pathtoks=\toks17
\pgfkeys@temptoks=\toks18

(/usr/share/texmf/tex/generic/pgf/utilities/pgfkeysfiltered.code.tex
\pgfkeys@tmptoks=\toks19
))
\pgf@x=\dimen129
\pgf@y=\dimen130
\pgf@xa=\dimen131
\pgf@ya=\dimen132
\pgf@xb=\dimen133
\pgf@yb=\dimen134
\pgf@xc=\dimen135
\pgf@yc=\dimen136
\w@pgf@writea=\write3
\r@pgf@reada=\read1
\c@pgf@counta=\count106
\c@pgf@countb=\count107
\c@pgf@countc=\count108
\c@pgf@countd=\count109

(/usr/share/texmf/tex/generic/pgf/systemlayer/pgf.cfg
File: pgf.cfg 2008/05/14  (rcs-revision 1.7)
)
Package pgfsys Info: Driver file for pgf: pgfsys-pdftex.def on input line 900.

(/usr/share/texmf/tex/generic/pgf/systemlayer/pgfsys-pdftex.def
File: pgfsys-pdftex.def 2009/05/22  (rcs-revision 1.26)

(/usr/share/texmf/tex/generic/pgf/systemlayer/pgfsys-common-pdf.def
File: pgfsys-common-pdf.def 2008/05/19  (rcs-revision 1.10)
)))
(/usr/share/texmf/tex/generic/pgf/systemlayer/pgfsyssoftpath.code.tex
File: pgfsyssoftpath.code.tex 2008/07/18  (rcs-revision 1.7)
\pgfsyssoftpath@smallbuffer@items=\count110
\pgfsyssoftpath@bigbuffer@items=\count111
)
(/usr/share/texmf/tex/generic/pgf/systemlayer/pgfsysprotocol.code.tex
File: pgfsysprotocol.code.tex 2006/10/16  (rcs-revision 1.4)
))
(/usr/share/texmf/tex/latex/xcolor/xcolor.sty
Package: xcolor 2007/01/21 v2.11 LaTeX color extensions (UK)

(/usr/share/texlive/texmf-dist/tex/latex/latexconfig/color.cfg
File: color.cfg 2007/01/18 v1.5 color configuration of teTeX/TeXLive
)
Package xcolor Info: Driver file: pdftex.def on input line 225.
Package xcolor Info: Model `cmy' substituted by `cmy0' on input line 1337.
Package xcolor Info: Model `hsb' substituted by `rgb' on input line 1341.
Package xcolor Info: Model `RGB' extended on input line 1353.
Package xcolor Info: Model `HTML' substituted by `rgb' on input line 1355.
Package xcolor Info: Model `Hsb' substituted by `hsb' on input line 1356.
Package xcolor Info: Model `tHsb' substituted by `hsb' on input line 1357.
Package xcolor Info: Model `HSB' substituted by `hsb' on input line 1358.
Package xcolor Info: Model `Gray' substituted by `gray' on input line 1359.
Package xcolor Info: Model `wave' substituted by `hsb' on input line 1360.

(/usr/share/texlive/texmf-dist/tex/latex/graphics/dvipsnam.def
File: dvipsnam.def 1999/02/16 v3.0i Driver-dependant file (DPC,SPQR)
))
(/usr/share/texmf/tex/generic/pgf/basiclayer/pgfcore.code.tex
Package: pgfcore 2010/04/11 v2.10 (rcs-revision 1.7)

(/usr/share/texmf/tex/generic/pgf/math/pgfmath.code.tex
(/usr/share/texmf/tex/generic/pgf/math/pgfmathcalc.code.tex
(/usr/share/texmf/tex/generic/pgf/math/pgfmathutil.code.tex)
(/usr/share/texmf/tex/generic/pgf/math/pgfmathparser.code.tex
\pgfmath@dimen=\dimen137
\pgfmath@count=\count112
\pgfmath@box=\box35
\pgfmath@toks=\toks20
\pgfmath@stack@operand=\toks21
\pgfmath@stack@operation=\toks22
)
(/usr/share/texmf/tex/generic/pgf/math/pgfmathfunctions.code.tex
(/usr/share/texmf/tex/generic/pgf/math/pgfmathfunctions.basic.code.tex)
(/usr/share/texmf/tex/generic/pgf/math/pgfmathfunctions.trigonometric.code.tex)
(/usr/share/texmf/tex/generic/pgf/math/pgfmathfunctions.random.code.tex)
(/usr/share/texmf/tex/generic/pgf/math/pgfmathfunctions.comparison.code.tex)
(/usr/share/texmf/tex/generic/pgf/math/pgfmathfunctions.base.code.tex)
(/usr/share/texmf/tex/generic/pgf/math/pgfmathfunctions.round.code.tex)
(/usr/share/texmf/tex/generic/pgf/math/pgfmathfunctions.misc.code.tex)))
(/usr/share/texmf/tex/generic/pgf/math/pgfmathfloat.code.tex
\c@pgfmathroundto@lastzeros=\count113
))
(/usr/share/texmf/tex/generic/pgf/basiclayer/pgfcorepoints.code.tex
File: pgfcorepoints.code.tex 2010/04/09  (rcs-revision 1.20)
\pgf@picminx=\dimen138
\pgf@picmaxx=\dimen139
\pgf@picminy=\dimen140
\pgf@picmaxy=\dimen141
\pgf@pathminx=\dimen142
\pgf@pathmaxx=\dimen143
\pgf@pathminy=\dimen144
\pgf@pathmaxy=\dimen145
\pgf@xx=\dimen146
\pgf@xy=\dimen147
\pgf@yx=\dimen148
\pgf@yy=\dimen149
\pgf@zx=\dimen150
\pgf@zy=\dimen151
)
(/usr/share/texmf/tex/generic/pgf/basiclayer/pgfcorepathconstruct.code.tex
File: pgfcorepathconstruct.code.tex 2010/08/03  (rcs-revision 1.24)
\pgf@path@lastx=\dimen152
\pgf@path@lasty=\dimen153
)
(/usr/share/texmf/tex/generic/pgf/basiclayer/pgfcorepathusage.code.tex
File: pgfcorepathusage.code.tex 2008/04/22  (rcs-revision 1.12)
\pgf@shorten@end@additional=\dimen154
\pgf@shorten@start@additional=\dimen155
)
(/usr/share/texmf/tex/generic/pgf/basiclayer/pgfcorescopes.code.tex
File: pgfcorescopes.code.tex 2010/09/08  (rcs-revision 1.34)
\pgfpic=\box36
\pgf@hbox=\box37
\pgf@layerbox@main=\box38
\pgf@picture@serial@count=\count114
)
(/usr/share/texmf/tex/generic/pgf/basiclayer/pgfcoregraphicstate.code.tex
File: pgfcoregraphicstate.code.tex 2008/04/22  (rcs-revision 1.9)
\pgflinewidth=\dimen156
)
(/usr/share/texmf/tex/generic/pgf/basiclayer/pgfcoretransformations.code.tex
File: pgfcoretransformations.code.tex 2009/06/10  (rcs-revision 1.11)
\pgf@pt@x=\dimen157
\pgf@pt@y=\dimen158
\pgf@pt@temp=\dimen159
)
(/usr/share/texmf/tex/generic/pgf/basiclayer/pgfcorequick.code.tex
File: pgfcorequick.code.tex 2008/10/09  (rcs-revision 1.3)
)
(/usr/share/texmf/tex/generic/pgf/basiclayer/pgfcoreobjects.code.tex
File: pgfcoreobjects.code.tex 2006/10/11  (rcs-revision 1.2)
)
(/usr/share/texmf/tex/generic/pgf/basiclayer/pgfcorepathprocessing.code.tex
File: pgfcorepathprocessing.code.tex 2008/10/09  (rcs-revision 1.8)
)
(/usr/share/texmf/tex/generic/pgf/basiclayer/pgfcorearrows.code.tex
File: pgfcorearrows.code.tex 2008/04/23  (rcs-revision 1.11)
)
(/usr/share/texmf/tex/generic/pgf/basiclayer/pgfcoreshade.code.tex
File: pgfcoreshade.code.tex 2008/11/23  (rcs-revision 1.13)
\pgf@max=\dimen160
\pgf@sys@shading@range@num=\count115
)
(/usr/share/texmf/tex/generic/pgf/basiclayer/pgfcoreimage.code.tex
File: pgfcoreimage.code.tex 2010/03/25  (rcs-revision 1.16)

(/usr/share/texmf/tex/generic/pgf/basiclayer/pgfcoreexternal.code.tex
File: pgfcoreexternal.code.tex 2010/09/01  (rcs-revision 1.17)
\pgfexternal@startupbox=\box39
))
(/usr/share/texmf/tex/generic/pgf/basiclayer/pgfcorelayers.code.tex
File: pgfcorelayers.code.tex 2010/08/27  (rcs-revision 1.2)
)
(/usr/share/texmf/tex/generic/pgf/basiclayer/pgfcoretransparency.code.tex
File: pgfcoretransparency.code.tex 2008/01/17  (rcs-revision 1.2)
)
(/usr/share/texmf/tex/generic/pgf/basiclayer/pgfcorepatterns.code.tex
File: pgfcorepatterns.code.tex 2009/07/02  (rcs-revision 1.3)
)))
(/usr/share/texmf/tex/latex/pgf/utilities/xxcolor.sty
Package: xxcolor 2003/10/24 ver 0.1
\XC@nummixins=\count116
\XC@countmixins=\count117
)
(/usr/share/texlive/texmf-dist/tex/latex/hyperref/hyperref.sty
Package: hyperref 2012/11/06 v6.83m Hypertext links for LaTeX

(/usr/share/texlive/texmf-dist/tex/generic/oberdiek/hobsub-hyperref.sty
Package: hobsub-hyperref 2012/05/28 v1.13 Bundle oberdiek, subset hyperref (HO)


(/usr/share/texlive/texmf-dist/tex/generic/oberdiek/hobsub-generic.sty
Package: hobsub-generic 2012/05/28 v1.13 Bundle oberdiek, subset generic (HO)
Package: hobsub 2012/05/28 v1.13 Construct package bundles (HO)
Package hobsub Info: Skipping package `infwarerr' (already loaded).
Package hobsub Info: Skipping package `ltxcmds' (already loaded).
Package: ifluatex 2010/03/01 v1.3 Provides the ifluatex switch (HO)
Package ifluatex Info: LuaTeX not detected.
Package hobsub Info: Skipping package `ifvtex' (already loaded).
Package: intcalc 2007/09/27 v1.1 Expandable calculations with integers (HO)
Package hobsub Info: Skipping package `ifpdf' (already loaded).
Package: etexcmds 2011/02/16 v1.5 Avoid name clashes with e-TeX commands (HO)
Package etexcmds Info: Could not find \expanded.
(etexcmds)             That can mean that you are not using pdfTeX 1.50 or
(etexcmds)             that some package has redefined \expanded.
(etexcmds)             In the latter case, load this package earlier.
Package: kvsetkeys 2012/04/25 v1.16 Key value parser (HO)
Package: kvdefinekeys 2011/04/07 v1.3 Define keys (HO)
Package: pdftexcmds 2011/11/29 v0.20 Utility functions of pdfTeX for LuaTeX (HO
)
Package pdftexcmds Info: LuaTeX not detected.
Package pdftexcmds Info: \pdf@primitive is available.
Package pdftexcmds Info: \pdf@ifprimitive is available.
Package pdftexcmds Info: \pdfdraftmode found.
Package: pdfescape 2011/11/25 v1.13 Implements pdfTeX's escape features (HO)
Package: bigintcalc 2012/04/08 v1.3 Expandable calculations on big integers (HO
)
Package: bitset 2011/01/30 v1.1 Handle bit-vector datatype (HO)
Package: uniquecounter 2011/01/30 v1.2 Provide unlimited unique counter (HO)
)
Package hobsub Info: Skipping package `hobsub' (already loaded).
Package: letltxmacro 2010/09/02 v1.4 Let assignment for LaTeX macros (HO)
Package: hopatch 2012/05/28 v1.2 Wrapper for package hooks (HO)
Package: xcolor-patch 2011/01/30 xcolor patch
Package: atveryend 2011/06/30 v1.8 Hooks at the very end of document (HO)
Package atveryend Info: \enddocument detected (standard20110627).
Package: atbegshi 2011/10/05 v1.16 At begin shipout hook (HO)
Package: refcount 2011/10/16 v3.4 Data extraction from label references (HO)
Package: hycolor 2011/01/30 v1.7 Color options for hyperref/bookmark (HO)
)
(/usr/share/texlive/texmf-dist/tex/latex/oberdiek/auxhook.sty
Package: auxhook 2011/03/04 v1.3 Hooks for auxiliary files (HO)
)
(/usr/share/texlive/texmf-dist/tex/latex/oberdiek/kvoptions.sty
Package: kvoptions 2011/06/30 v3.11 Key value format for package options (HO)
)
\@linkdim=\dimen161
\Hy@linkcounter=\count118
\Hy@pagecounter=\count119

(/usr/share/texlive/texmf-dist/tex/latex/hyperref/pd1enc.def
File: pd1enc.def 2012/11/06 v6.83m Hyperref: PDFDocEncoding definition (HO)
)
\Hy@SavedSpaceFactor=\count120

(/usr/share/texlive/texmf-dist/tex/latex/latexconfig/hyperref.cfg
File: hyperref.cfg 2002/06/06 v1.2 hyperref configuration of TeXLive
)
Package hyperref Info: Option `bookmarks' set `true' on input line 4319.
Package hyperref Info: Option `bookmarksopen' set `true' on input line 4319.
Package hyperref Info: Option `implicit' set `false' on input line 4319.
Package hyperref Info: Hyper figures OFF on input line 4443.
Package hyperref Info: Link nesting OFF on input line 4448.
Package hyperref Info: Hyper index ON on input line 4451.
Package hyperref Info: Plain pages OFF on input line 4458.
Package hyperref Info: Backreferencing OFF on input line 4463.
Package hyperref Info: Implicit mode OFF; no redefinition of LaTeX internals.
Package hyperref Info: Bookmarks ON on input line 4688.
\c@Hy@tempcnt=\count121

(/usr/share/texlive/texmf-dist/tex/latex/url/url.sty
\Urlmuskip=\muskip10
Package: url 2013/09/16  ver 3.4  Verb mode for urls, etc.
)
LaTeX Info: Redefining \url on input line 5041.
\XeTeXLinkMargin=\dimen162
\Fld@menulength=\count122
\Field@Width=\dimen163
\Fld@charsize=\dimen164
Package hyperref Info: Hyper figures OFF on input line 6295.
Package hyperref Info: Link nesting OFF on input line 6300.
Package hyperref Info: Hyper index ON on input line 6303.
Package hyperref Info: backreferencing OFF on input line 6310.
Package hyperref Info: Link coloring OFF on input line 6315.
Package hyperref Info: Link coloring with OCG OFF on input line 6320.
Package hyperref Info: PDF/A mode OFF on input line 6325.
LaTeX Info: Redefining \ref on input line 6365.
LaTeX Info: Redefining \pageref on input line 6369.
\Hy@abspage=\count123


Package hyperref Message: Stopped early.

)

Package hyperref Message: Driver (autodetected): hpdftex.

(/usr/share/texlive/texmf-dist/tex/latex/hyperref/hpdftex.def
File: hpdftex.def 2012/11/06 v6.83m Hyperref driver for pdfTeX
\Fld@listcount=\count124
\c@bookmark@seq@number=\count125

(/usr/share/texlive/texmf-dist/tex/latex/oberdiek/rerunfilecheck.sty
Package: rerunfilecheck 2011/04/15 v1.7 Rerun checks for auxiliary files (HO)
Package uniquecounter Info: New unique counter `rerunfilecheck' on input line 2
82.
))
(/usr/share/texmf/tex/latex/beamer/base/beamerbaserequires.sty
Package: beamerbaserequires 2010/05/01  (rcs-revision efa082c6111d)

(/usr/share/texmf/tex/latex/beamer/base/beamerbasecompatibility.sty
Package: beamerbasecompatibility 2012/05/01  (rcs-revision 67c48b3b652d)
)
(/usr/share/texmf/tex/latex/beamer/base/beamerbasefont.sty
Package: beamerbasefont 2012/09/19  (rcs-revision 733629cd0c6c)

(/usr/share/texlive/texmf-dist/tex/latex/amsfonts/amssymb.sty
Package: amssymb 2013/01/14 v3.01 AMS font symbols

(/usr/share/texlive/texmf-dist/tex/latex/amsfonts/amsfonts.sty
Package: amsfonts 2013/01/14 v3.01 Basic AMSFonts support
\@emptytoks=\toks23
\symAMSa=\mathgroup4
\symAMSb=\mathgroup5
LaTeX Font Info:    Overwriting math alphabet `\mathfrak' in version `bold'
(Font)                  U/euf/m/n --> U/euf/b/n on input line 106.
)))
(/usr/share/texmf/tex/latex/beamer/base/beamerbasetranslator.sty
Package: beamerbasetranslator 2010/06/11  (rcs-revision 85fd1cc7fc42)

(/usr/share/texmf/tex/latex/beamer/base/translator/translator.sty
Package: translator 2010/06/12 ver 1.10

(/usr/share/texmf/tex/latex/beamer/base/translator/translator-language-mappings
.tex))) (/usr/share/texmf/tex/latex/beamer/base/beamerbasemisc.sty
Package: beamerbasemisc 2012/02/24  (rcs-revision 2ff5461be705)
)
(/usr/share/texmf/tex/latex/beamer/base/beamerbasetwoscreens.sty
Package: beamerbasetwoscreens 2010/05/01  (rcs-revision efa082c6111d)
)
(/usr/share/texmf/tex/latex/beamer/base/beamerbaseoverlay.sty
Package: beamerbaseoverlay 2012/11/11  (rcs-revision 6afbc49b1109)
\beamer@argscount=\count126
\beamer@lastskipcover=\skip44
\beamer@trivlistdepth=\count127
)
(/usr/share/texmf/tex/latex/beamer/base/beamerbasetitle.sty
Package: beamerbasetitle 2010/09/21  (rcs-revision f0446ed0b6ae)
)
(/usr/share/texmf/tex/latex/beamer/base/beamerbasesection.sty
Package: beamerbasesection 2012/11/11  (rcs-revision 0056eef6f17f)
\c@lecture=\count128
\c@part=\count129
\c@section=\count130
\c@subsection=\count131
\c@subsubsection=\count132
)
(/usr/share/texmf/tex/latex/beamer/base/beamerbaseframe.sty
Package: beamerbaseframe 2012/09/13  (rcs-revision dcd846607320)
\beamer@framebox=\box40
\beamer@frametitlebox=\box41
\beamer@zoombox=\box42
\beamer@zoomcount=\count133
\beamer@zoomframecount=\count134
\beamer@frametextheight=\dimen165
\c@subsectionslide=\count135
\beamer@frametopskip=\skip45
\beamer@framebottomskip=\skip46
\beamer@frametopskipautobreak=\skip47
\beamer@framebottomskipautobreak=\skip48
\beamer@envbody=\toks24
\framewidth=\dimen166
\c@framenumber=\count136
)
(/usr/share/texmf/tex/latex/beamer/base/beamerbaseverbatim.sty
Package: beamerbaseverbatim 2012/08/30  (rcs-revision dfdb135076b3)
\beamer@verbatimfileout=\write4
)
(/usr/share/texmf/tex/latex/beamer/base/beamerbaseframesize.sty
Package: beamerbaseframesize 2011/09/12  (rcs-revision 70f9d8411e54)
\beamer@splitbox=\box43
\beamer@autobreakcount=\count137
\beamer@autobreaklastheight=\dimen167
\beamer@frametitletoks=\toks25
\beamer@framesubtitletoks=\toks26
)
(/usr/share/texmf/tex/latex/beamer/base/beamerbaseframecomponents.sty
Package: beamerbaseframecomponents 2012/09/13  (rcs-revision dcd846607320)
\beamer@footins=\box44
)
(/usr/share/texmf/tex/latex/beamer/base/beamerbasecolor.sty
Package: beamerbasecolor 2010/06/06  (rcs-revision d1a9b48be06d)
)
(/usr/share/texmf/tex/latex/beamer/base/beamerbasenotes.sty
Package: beamerbasenotes 2010/05/01  (rcs-revision efa082c6111d)
\beamer@frameboxcopy=\box45
)
(/usr/share/texmf/tex/latex/beamer/base/beamerbasetoc.sty
Package: beamerbasetoc 2012/10/02  (rcs-revision 5ed0f4010e8a)
)
(/usr/share/texmf/tex/latex/beamer/base/beamerbasetemplates.sty
Package: beamerbasetemplates 2010/05/01  (rcs-revision efa082c6111d)
\beamer@sbttoks=\toks27

(/usr/share/texmf/tex/latex/beamer/base/beamerbaseauxtemplates.sty
Package: beamerbaseauxtemplates 2012/05/01  (rcs-revision 67c48b3b652d)

(/usr/share/texmf/tex/latex/beamer/base/beamerbaseboxes.sty
Package: beamerbaseboxes 2012/05/13  (rcs-revision 56972908a390)
\bmb@box=\box46
\bmb@colorbox=\box47
\bmb@boxshadow=\box48
\bmb@boxshadowball=\box49
\bmb@boxshadowballlarge=\box50
\bmb@temp=\dimen168
\bmb@dima=\dimen169
\bmb@dimb=\dimen170
\bmb@prevheight=\dimen171
)
\beamer@blockheadheight=\dimen172
))
(/usr/share/texmf/tex/latex/beamer/base/beamerbaselocalstructure.sty
Package: beamerbaselocalstructure 2012/11/13  (rcs-revision ddfba79dac19)

(/usr/share/texlive/texmf-dist/tex/latex/tools/enumerate.sty
Package: enumerate 1999/03/05 v3.00 enumerate extensions (DPC)
\@enLab=\toks28
)
\c@figure=\count138
\c@table=\count139
\abovecaptionskip=\skip49
\belowcaptionskip=\skip50
)
(/usr/share/texmf/tex/latex/beamer/base/beamerbasenavigation.sty
Package: beamerbasenavigation 2012/04/03  (rcs-revision 42a0f21a412d)
\beamer@section@min@dim=\dimen173
)
(/usr/share/texmf/tex/latex/beamer/base/beamerbasetheorems.sty
Package: beamerbasetheorems 2010/06/06  (rcs-revision 7e7cc5e53e9d)

(/usr/share/texlive/texmf-dist/tex/latex/amsmath/amsmath.sty
Package: amsmath 2013/01/14 v2.14 AMS math features
\@mathmargin=\skip51

For additional information on amsmath, use the `?' option.
(/usr/share/texlive/texmf-dist/tex/latex/amsmath/amstext.sty
Package: amstext 2000/06/29 v2.01

(/usr/share/texlive/texmf-dist/tex/latex/amsmath/amsgen.sty
File: amsgen.sty 1999/11/30 v2.0
\@emptytoks=\toks29
\ex@=\dimen174
))
(/usr/share/texlive/texmf-dist/tex/latex/amsmath/amsbsy.sty
Package: amsbsy 1999/11/29 v1.2d
\pmbraise@=\dimen175
)
(/usr/share/texlive/texmf-dist/tex/latex/amsmath/amsopn.sty
Package: amsopn 1999/12/14 v2.01 operator names
)
\inf@bad=\count140
LaTeX Info: Redefining \frac on input line 210.
\uproot@=\count141
\leftroot@=\count142
LaTeX Info: Redefining \overline on input line 306.
\classnum@=\count143
\DOTSCASE@=\count144
LaTeX Info: Redefining \ldots on input line 378.
LaTeX Info: Redefining \dots on input line 381.
LaTeX Info: Redefining \cdots on input line 466.
\Mathstrutbox@=\box51
\strutbox@=\box52
\big@size=\dimen176
LaTeX Font Info:    Redeclaring font encoding OML on input line 566.
LaTeX Font Info:    Redeclaring font encoding OMS on input line 567.
\macc@depth=\count145
\c@MaxMatrixCols=\count146
\dotsspace@=\muskip11
\c@parentequation=\count147
\dspbrk@lvl=\count148
\tag@help=\toks30
\row@=\count149
\column@=\count150
\maxfields@=\count151
\andhelp@=\toks31
\eqnshift@=\dimen177
\alignsep@=\dimen178
\tagshift@=\dimen179
\tagwidth@=\dimen180
\totwidth@=\dimen181
\lineht@=\dimen182
\@envbody=\toks32
\multlinegap=\skip52
\multlinetaggap=\skip53
\mathdisplay@stack=\toks33
LaTeX Info: Redefining \[ on input line 2665.
LaTeX Info: Redefining \] on input line 2666.
)
(/usr/share/texlive/texmf-dist/tex/latex/amscls/amsthm.sty
Package: amsthm 2004/08/06 v2.20
\thm@style=\toks34
\thm@bodyfont=\toks35
\thm@headfont=\toks36
\thm@notefont=\toks37
\thm@headpunct=\toks38
\thm@preskip=\skip54
\thm@postskip=\skip55
\thm@headsep=\skip56
\dth@everypar=\toks39
)
\c@theorem=\count152
)
(/usr/share/texmf/tex/latex/beamer/base/beamerbasethemes.sty
Package: beamerbasethemes 2010/05/01  (rcs-revision efa082c6111d)
))
(/usr/share/texmf/tex/latex/beamer/base/themes/theme/beamerthemedefault.sty
Package: beamerthemedefault 2010/06/17  (rcs-revision d02a7cf4d8ae)

(/usr/share/texmf/tex/latex/beamer/base/themes/font/beamerfontthemedefault.sty
Package: beamerfontthemedefault 2010/06/17  (rcs-revision d02a7cf4d8ae)
)
(/usr/share/texmf/tex/latex/beamer/base/themes/color/beamercolorthemedefault.st
y
Package: beamercolorthemedefault 2010/06/17  (rcs-revision d02a7cf4d8ae)
)
(/usr/share/texmf/tex/latex/beamer/base/themes/inner/beamerinnerthemedefault.st
y
Package: beamerinnerthemedefault 2012/05/01  (rcs-revision 67c48b3b652d)
\beamer@dima=\dimen183
\beamer@dimb=\dimen184
)
(/usr/share/texmf/tex/latex/beamer/base/themes/outer/beamerouterthemedefault.st
y
Package: beamerouterthemedefault 2012/10/02  (rcs-revision 5ed0f4010e8a)
))) (./beamerthemeLMU.sty
******************************************************************************
 Using theme LMU for beamer class (version as of ???)
 
 This theme attempts to generate PDF slides that adhere to some reasonable
 extent to the corporate design guidelines of LMU.
 For bug reports and features please check
 http://svn.geophysik.uni-muenchen.de/trac/admintools
 and curse Moritz Beyreuther, Christoph Moder, Marcus Mohr and Jens Oeser
******************************************************************************
(./beamercolorthemelmu.sty) (./beamerinnerthemelmu.sty)
(./beamerouterthemelmu.sty))
(/usr/share/texlive/texmf-dist/tex/latex/base/inputenc.sty
Package: inputenc 2008/03/30 v1.1d Input encoding file
\inpenc@prehook=\toks40
\inpenc@posthook=\toks41

(/usr/share/texlive/texmf-dist/tex/latex/ucs/utf8x.def
File: utf8x.def 2004/10/17 UCS: Input encoding UTF-8
))
(/usr/share/texlive/texmf-dist/tex/latex/ucs/ucs.sty
Package: ucs 2013/05/11 v2.2 UCS: Unicode input support

(/usr/share/texlive/texmf-dist/tex/latex/ucs/data/uni-global.def
File: uni-global.def 2013/05/13 UCS: Unicode global data
)
\uc@secondtry=\count153
\uc@combtoks=\toks42
\uc@combtoksb=\toks43
\uc@temptokena=\toks44
)
(/usr/share/texlive/texmf-dist/tex/latex/mh/mathtools.sty
Package: mathtools 2013/02/12 v1.13 mathematical typesetting tools

(/usr/share/texlive/texmf-dist/tex/latex/tools/calc.sty
Package: calc 2007/08/22 v4.3 Infix arithmetic (KKT,FJ)
\calc@Acount=\count154
\calc@Bcount=\count155
\calc@Adimen=\dimen185
\calc@Bdimen=\dimen186
\calc@Askip=\skip57
\calc@Bskip=\skip58
LaTeX Info: Redefining \setlength on input line 76.
LaTeX Info: Redefining \addtolength on input line 77.
\calc@Ccount=\count156
\calc@Cskip=\skip59
)
(/usr/share/texlive/texmf-dist/tex/latex/mh/mhsetup.sty
Package: mhsetup 2010/01/21 v1.2a programming setup (MH)
)
LaTeX Info: Thecontrolsequence`\['isalreadyrobust on input line 129.
LaTeX Info: Thecontrolsequence`\]'isalreadyrobust on input line 129.
\g_MT_multlinerow_int=\count157
\l_MT_multwidth_dim=\dimen187
\origjot=\skip60
\l_MT_shortvdotswithinadjustabove_dim=\dimen188
\l_MT_shortvdotswithinadjustbelow_dim=\dimen189
\l_MT_above_intertext_sep=\dimen190
\l_MT_below_intertext_sep=\dimen191
\l_MT_above_shortintertext_sep=\dimen192
\l_MT_below_shortintertext_sep=\dimen193
)
(/usr/share/texmf/tex/latex/pgf/frontendlayer/tikz.sty
(/usr/share/texmf/tex/latex/pgf/basiclayer/pgf.sty
Package: pgf 2008/01/15 v2.10 (rcs-revision 1.12)

(/usr/share/texmf/tex/generic/pgf/modules/pgfmoduleshapes.code.tex
File: pgfmoduleshapes.code.tex 2010/09/09  (rcs-revision 1.13)
\pgfnodeparttextbox=\box53
)
(/usr/share/texmf/tex/generic/pgf/modules/pgfmoduleplot.code.tex
File: pgfmoduleplot.code.tex 2010/10/22  (rcs-revision 1.8)
)
(/usr/share/texmf/tex/latex/pgf/compatibility/pgfcomp-version-0-65.sty
Package: pgfcomp-version-0-65 2007/07/03 v2.10 (rcs-revision 1.7)
\pgf@nodesepstart=\dimen194
\pgf@nodesepend=\dimen195
)
(/usr/share/texmf/tex/latex/pgf/compatibility/pgfcomp-version-1-18.sty
Package: pgfcomp-version-1-18 2007/07/23 v2.10 (rcs-revision 1.1)
))
(/usr/share/texmf/tex/latex/pgf/utilities/pgffor.sty
(/usr/share/texmf/tex/latex/pgf/utilities/pgfkeys.sty
(/usr/share/texmf/tex/generic/pgf/utilities/pgfkeys.code.tex))
(/usr/share/texmf/tex/generic/pgf/utilities/pgffor.code.tex
Package: pgffor 2010/03/23 v2.10 (rcs-revision 1.18)
\pgffor@iter=\dimen196
\pgffor@skip=\dimen197
\pgffor@stack=\toks45
\pgffor@toks=\toks46
))
(/usr/share/texmf/tex/generic/pgf/frontendlayer/tikz/tikz.code.tex
Package: tikz 2010/10/13 v2.10 (rcs-revision 1.76)

(/usr/share/texmf/tex/generic/pgf/libraries/pgflibraryplothandlers.code.tex
File: pgflibraryplothandlers.code.tex 2010/05/31 v2.10 (rcs-revision 1.15)
\pgf@plot@mark@count=\count158
\pgfplotmarksize=\dimen198
)
\tikz@lastx=\dimen199
\tikz@lasty=\dimen200
\tikz@lastxsaved=\dimen201
\tikz@lastysaved=\dimen202
\tikzleveldistance=\dimen203
\tikzsiblingdistance=\dimen204
\tikz@figbox=\box54
\tikz@tempbox=\box55
\tikztreelevel=\count159
\tikznumberofchildren=\count160
\tikznumberofcurrentchild=\count161
\tikz@fig@count=\count162

(/usr/share/texmf/tex/generic/pgf/modules/pgfmodulematrix.code.tex
File: pgfmodulematrix.code.tex 2010/08/24  (rcs-revision 1.4)
\pgfmatrixcurrentrow=\count163
\pgfmatrixcurrentcolumn=\count164
\pgf@matrix@numberofcolumns=\count165
)
\tikz@expandcount=\count166

(/usr/share/texmf/tex/generic/pgf/frontendlayer/tikz/libraries/tikzlibrarytopat
hs.code.tex
File: tikzlibrarytopaths.code.tex 2008/06/17 v2.10 (rcs-revision 1.2)
))) (/usr/share/texlive/texmf-dist/tex/latex/tcolorbox/tcolorbox.sty
Package: tcolorbox 2014/02/06 version 2.70 text color boxes
(/usr/share/texlive/texmf-dist/tex/latex/tools/verbatim.sty
Package: verbatim 2003/08/22 v1.5q LaTeX2e package for verbatim enhancements
\every@verbatim=\toks47
\verbatim@line=\toks48
\verbatim@in@stream=\read2
)
(/usr/share/texlive/texmf-dist/tex/latex/environ/environ.sty
Package: environ 2013/04/01 v0.3 A new environment syntax

(/usr/share/texlive/texmf-dist/tex/latex/trimspaces/trimspaces.sty
Package: trimspaces 2009/09/17 v1.1 Trim spaces around a token list
))
(/usr/share/texlive/texmf-dist/tex/latex/etoolbox/etoolbox.sty
Package: etoolbox 2011/01/03 v2.1 e-TeX tools for LaTeX

(/usr/share/texlive/texmf-dist/tex/latex/etex-pkg/etex.sty
Package: etex 1998/03/26 v2.0 eTeX basic definition package (PEB)
\et@xins=\count167
)
\etb@tempcnta=\count168
)
\tcb@titlebox=\box56
\tcb@upperbox=\box57
\tcb@lowerbox=\box58
\tcb@phantombox=\box59
\c@tcbbreakpart=\count169
\c@tcblayer=\count170
\tcb@temp=\box60
\tcb@temp=\box61
\tcb@temp=\box62
\tcb@temp=\box63
\tcb@out=\write5
)
(/usr/share/texlive/texmf-dist/tex/latex/anyfontsize/anyfontsize.sty
Package: anyfontsize 2007/11/22 anyfontsize.sty by pts
)
(./t_DGG2016.aux)
\openout1 = `t_DGG2016.aux'.

LaTeX Font Info:    Checking defaults for OML/cmm/m/it on input line 57.
LaTeX Font Info:    ... okay on input line 57.
LaTeX Font Info:    Checking defaults for T1/cmr/m/n on input line 57.
LaTeX Font Info:    ... okay on input line 57.
LaTeX Font Info:    Checking defaults for OT1/cmr/m/n on input line 57.
LaTeX Font Info:    ... okay on input line 57.
LaTeX Font Info:    Checking defaults for OMS/cmsy/m/n on input line 57.
LaTeX Font Info:    ... okay on input line 57.
LaTeX Font Info:    Checking defaults for OMX/cmex/m/n on input line 57.
LaTeX Font Info:    ... okay on input line 57.
LaTeX Font Info:    Checking defaults for U/cmr/m/n on input line 57.
LaTeX Font Info:    ... okay on input line 57.
LaTeX Font Info:    Checking defaults for PD1/pdf/m/n on input line 57.
LaTeX Font Info:    ... okay on input line 57.

*geometry* driver: auto-detecting
*geometry* detected driver: pdftex
*geometry* verbose mode - [ preamble ] result:
* driver: pdftex
* paper: custom
* layout: <same size as paper>
* layoutoffset:(h,v)=(0.0pt,0.0pt)
* modes: includehead includefoot 
* h-part:(L,W,R)=(10.95003pt, 342.2953pt, 10.95003pt)
* v-part:(T,H,B)=(0.0pt, 273.14662pt, 0.0pt)
* \paperwidth=364.19536pt
* \paperheight=273.14662pt
* \textwidth=342.2953pt
* \textheight=244.6939pt
* \oddsidemargin=-61.31996pt
* \evensidemargin=-61.31996pt
* \topmargin=-72.26999pt
* \headheight=14.22636pt
* \headsep=0.0pt
* \topskip=11.0pt
* \footskip=14.22636pt
* \marginparwidth=4.0pt
* \marginparsep=10.0pt
* \columnsep=10.0pt
* \skip\footins=10.0pt plus 4.0pt minus 2.0pt
* \hoffset=0.0pt
* \voffset=0.0pt
* \mag=1000
* \@twocolumnfalse
* \@twosidefalse
* \@mparswitchfalse
* \@reversemarginfalse
* (1in=72.27pt=25.4mm, 1cm=28.453pt)

(/usr/share/texlive/texmf-dist/tex/context/base/supp-pdf.mkii
[Loading MPS to PDF converter (version 2006.09.02).]
\scratchcounter=\count171
\scratchdimen=\dimen205
\scratchbox=\box64
\nofMPsegments=\count172
\nofMParguments=\count173
\everyMPshowfont=\toks49
\MPscratchCnt=\count174
\MPscratchDim=\dimen206
\MPnumerator=\count175
\makeMPintoPDFobject=\count176
\everyMPtoPDFconversion=\toks50
) (/usr/share/texlive/texmf-dist/tex/latex/oberdiek/epstopdf-base.sty
Package: epstopdf-base 2010/02/09 v2.5 Base part for package epstopdf

(/usr/share/texlive/texmf-dist/tex/latex/oberdiek/grfext.sty
Package: grfext 2010/08/19 v1.1 Manage graphics extensions (HO)
)
Package grfext Info: Graphics extension search list:
(grfext)             [.png,.pdf,.jpg,.mps,.jpeg,.jbig2,.jb2,.PNG,.PDF,.JPG,.JPE
G,.JBIG2,.JB2,.eps]
(grfext)             \AppendGraphicsExtensions on input line 452.

(/usr/share/texlive/texmf-dist/tex/latex/latexconfig/epstopdf-sys.cfg
File: epstopdf-sys.cfg 2010/07/13 v1.3 Configuration of (r)epstopdf for TeX Liv
e
))
ABD: EveryShipout initializing macros
\AtBeginShipoutBox=\box65
Package hyperref Info: Link coloring OFF on input line 57.

(/usr/share/texlive/texmf-dist/tex/latex/hyperref/nameref.sty
Package: nameref 2012/10/27 v2.43 Cross-referencing by name of section

(/usr/share/texlive/texmf-dist/tex/generic/oberdiek/gettitlestring.sty
Package: gettitlestring 2010/12/03 v1.4 Cleanup title references (HO)
)
\c@section@level=\count177
)
LaTeX Info: Redefining \ref on input line 57.
LaTeX Info: Redefining \pageref on input line 57.
LaTeX Info: Redefining \nameref on input line 57.

(./t_DGG2016.out) (./t_DGG2016.out)
\@outlinefile=\write6
\openout6 = `t_DGG2016.out'.

LaTeX Font Info:    Overwriting symbol font `operators' in version `normal'
(Font)                  OT1/cmr/m/n --> OT1/cmss/m/n on input line 57.
LaTeX Font Info:    Overwriting symbol font `operators' in version `bold'
(Font)                  OT1/cmr/bx/n --> OT1/cmss/bx/n on input line 57.
\symnumbers=\mathgroup6
\sympureletters=\mathgroup7
LaTeX Font Info:    Overwriting math alphabet `\mathrm' in version `normal'
(Font)                  OT1/cmss/m/n --> OT1/cmr/m/n on input line 57.
LaTeX Font Info:    Redeclaring math alphabet \mathbf on input line 57.
LaTeX Font Info:    Overwriting math alphabet `\mathbf' in version `normal'
(Font)                  OT1/cmr/bx/n --> OT1/cmss/bx/n on input line 57.
LaTeX Font Info:    Overwriting math alphabet `\mathbf' in version `bold'
(Font)                  OT1/cmr/bx/n --> OT1/cmss/bx/n on input line 57.
LaTeX Font Info:    Redeclaring math alphabet \mathsf on input line 57.
LaTeX Font Info:    Overwriting math alphabet `\mathsf' in version `normal'
(Font)                  OT1/cmss/m/n --> OT1/cmss/m/n on input line 57.
LaTeX Font Info:    Overwriting math alphabet `\mathsf' in version `bold'
(Font)                  OT1/cmss/bx/n --> OT1/cmss/m/n on input line 57.
LaTeX Font Info:    Redeclaring math alphabet \mathit on input line 57.
LaTeX Font Info:    Overwriting math alphabet `\mathit' in version `normal'
(Font)                  OT1/cmr/m/it --> OT1/cmss/m/it on input line 57.
LaTeX Font Info:    Overwriting math alphabet `\mathit' in version `bold'
(Font)                  OT1/cmr/bx/it --> OT1/cmss/m/it on input line 57.
LaTeX Font Info:    Redeclaring math alphabet \mathtt on input line 57.
LaTeX Font Info:    Overwriting math alphabet `\mathtt' in version `normal'
(Font)                  OT1/cmtt/m/n --> OT1/cmtt/m/n on input line 57.
LaTeX Font Info:    Overwriting math alphabet `\mathtt' in version `bold'
(Font)                  OT1/cmtt/m/n --> OT1/cmtt/m/n on input line 57.
LaTeX Font Info:    Overwriting symbol font `numbers' in version `bold'
(Font)                  OT1/cmss/m/n --> OT1/cmss/bx/n on input line 57.
LaTeX Font Info:    Overwriting symbol font `pureletters' in version `bold'
(Font)                  OT1/cmss/m/it --> OT1/cmss/bx/it on input line 57.
LaTeX Font Info:    Overwriting math alphabet `\mathrm' in version `bold'
(Font)                  OT1/cmss/bx/n --> OT1/cmr/bx/n on input line 57.
LaTeX Font Info:    Overwriting math alphabet `\mathbf' in version `bold'
(Font)                  OT1/cmss/bx/n --> OT1/cmss/bx/n on input line 57.
LaTeX Font Info:    Overwriting math alphabet `\mathsf' in version `bold'
(Font)                  OT1/cmss/m/n --> OT1/cmss/bx/n on input line 57.
LaTeX Font Info:    Overwriting math alphabet `\mathit' in version `bold'
(Font)                  OT1/cmss/m/it --> OT1/cmss/bx/it on input line 57.
LaTeX Font Info:    Overwriting math alphabet `\mathtt' in version `bold'
(Font)                  OT1/cmtt/m/n --> OT1/cmtt/bx/n on input line 57.

(/usr/share/texmf/tex/latex/beamer/base/translator/dicts/translator-basic-dicti
onary/translator-basic-dictionary-English.dict
Dictionary: translator-basic-dictionary, Language: English 
)
(/usr/share/texmf/tex/latex/beamer/base/translator/dicts/translator-bibliograph
y-dictionary/translator-bibliography-dictionary-English.dict
Dictionary: translator-bibliography-dictionary, Language: English 
)
(/usr/share/texmf/tex/latex/beamer/base/translator/dicts/translator-environment
-dictionary/translator-environment-dictionary-English.dict
Dictionary: translator-environment-dictionary, Language: English 
)
(/usr/share/texmf/tex/latex/beamer/base/translator/dicts/translator-months-dict
ionary/translator-months-dictionary-English.dict
Dictionary: translator-months-dictionary, Language: English 
)
(/usr/share/texmf/tex/latex/beamer/base/translator/dicts/translator-numbers-dic
tionary/translator-numbers-dictionary-English.dict
Dictionary: translator-numbers-dictionary, Language: English 
)
(/usr/share/texmf/tex/latex/beamer/base/translator/dicts/translator-theorem-dic
tionary/translator-theorem-dictionary-English.dict
Dictionary: translator-theorem-dictionary, Language: English 
)
LaTeX Info: Redefining \includegraphics on input line 57.

(/usr/share/texlive/texmf-dist/tex/latex/ucs/ucsencs.def
File: ucsencs.def 2011/01/21 Fixes to fontencodings LGR, T3
) (./t_DGG2016.nav)
<Boxlayout_LMU_Mono_ohne_Siegel_grouped_2boxleft_background2.pdf, id=90, 1822.6
4937pt x 170.5572pt>
File: Boxlayout_LMU_Mono_ohne_Siegel_grouped_2boxleft_background2.pdf Graphic f
ile (type pdf)

<use Boxlayout_LMU_Mono_ohne_Siegel_grouped_2boxleft_background2.pdf>
Package pdftex.def Info: Boxlayout_LMU_Mono_ohne_Siegel_grouped_2boxleft_backgr
ound2.pdf used on input line 57.
(pdftex.def)             Requested size: 364.19536pt x 34.0796pt.
File: Boxlayout_LMU_Mono_ohne_Siegel_grouped_2boxleft_background2.pdf Graphic f
ile (type pdf)

<use Boxlayout_LMU_Mono_ohne_Siegel_grouped_2boxleft_background2.pdf>
Package pdftex.def Info: Boxlayout_LMU_Mono_ohne_Siegel_grouped_2boxleft_backgr
ound2.pdf used on input line 60.
(pdftex.def)             Requested size: 364.19536pt x 34.0796pt.
 [1{/var/lib/texmf/fonts/map/pdftex/updmap/pdftex.map}

 <./Boxlayout_LMU_Mono_ohne_Siegel_grouped_2boxleft_background2.pdf>]
LaTeX Font Info:    Try loading font information for U+msa on input line 85.

(/usr/share/texlive/texmf-dist/tex/latex/amsfonts/umsa.fd
File: umsa.fd 2013/01/14 v3.01 AMS symbols A
)
LaTeX Font Info:    Try loading font information for U+msb on input line 85.

(/usr/share/texlive/texmf-dist/tex/latex/amsfonts/umsb.fd
File: umsb.fd 2013/01/14 v3.01 AMS symbols B
)
File: Boxlayout_LMU_Mono_ohne_Siegel_grouped_2boxleft_background2.pdf Graphic f
ile (type pdf)

<use Boxlayout_LMU_Mono_ohne_Siegel_grouped_2boxleft_background2.pdf>
Package pdftex.def Info: Boxlayout_LMU_Mono_ohne_Siegel_grouped_2boxleft_backgr
ound2.pdf used on input line 85.
(pdftex.def)             Requested size: 364.19536pt x 34.0796pt.
 [2

]
<Figures/NDT_methods.png, id=215, 585.387pt x 339.669pt>
File: Figures/NDT_methods.png Graphic file (type png)

<use Figures/NDT_methods.png>
Package pdftex.def Info: Figures/NDT_methods.png used on input line 96.
(pdftex.def)             Requested size: 239.60567pt x 139.03195pt.
File: Boxlayout_LMU_Mono_ohne_Siegel_grouped_2boxleft_background2.pdf Graphic f
ile (type pdf)

<use Boxlayout_LMU_Mono_ohne_Siegel_grouped_2boxleft_background2.pdf>
Package pdftex.def Info: Boxlayout_LMU_Mono_ohne_Siegel_grouped_2boxleft_backgr
ound2.pdf used on input line 96.
(pdftex.def)             Requested size: 364.19536pt x 34.0796pt.
 [3

 <./Figures/NDT_methods.png>]
<Figures/setup1.jpg, id=251, 1923.43594pt x 995.21812pt>
File: Figures/setup1.jpg Graphic file (type jpg)

<use Figures/setup1.jpg>
Package pdftex.def Info: Figures/setup1.jpg used on input line 113.
(pdftex.def)             Requested size: 342.2953pt x 177.09663pt.
File: Boxlayout_LMU_Mono_ohne_Siegel_grouped_2boxleft_background2.pdf Graphic f
ile (type pdf)

<use Boxlayout_LMU_Mono_ohne_Siegel_grouped_2boxleft_background2.pdf>
Package pdftex.def Info: Boxlayout_LMU_Mono_ohne_Siegel_grouped_2boxleft_backgr
ound2.pdf used on input line 113.
(pdftex.def)             Requested size: 364.19536pt x 34.0796pt.
 [4

 <./Figures/setup1.jpg>] <Figures/setup2.jpg, id=285, 1923.43594pt x 995.21812p
t>
File: Figures/setup2.jpg Graphic file (type jpg)

<use Figures/setup2.jpg>
Package pdftex.def Info: Figures/setup2.jpg used on input line 113.
(pdftex.def)             Requested size: 342.2953pt x 177.09663pt.
File: Boxlayout_LMU_Mono_ohne_Siegel_grouped_2boxleft_background2.pdf Graphic f
ile (type pdf)

<use Boxlayout_LMU_Mono_ohne_Siegel_grouped_2boxleft_background2.pdf>
Package pdftex.def Info: Boxlayout_LMU_Mono_ohne_Siegel_grouped_2boxleft_backgr
ound2.pdf used on input line 113.
(pdftex.def)             Requested size: 364.19536pt x 34.0796pt.
 [5

 <./Figures/setup2.jpg>] <Figures/bridge_outside2.JPG, id=319, 2601.72pt x 1943
.26pt>
File: Figures/bridge_outside2.JPG Graphic file (type jpg)

<use Figures/bridge_outside2.JPG>
Package pdftex.def Info: Figures/bridge_outside2.JPG used on input line 126.
(pdftex.def)             Requested size: 188.26346pt x 140.60846pt.

<Figures/overview.JPG, id=320, 2601.72pt x 1943.26pt>
File: Figures/overview.JPG Graphic file (type jpg)

<use Figures/overview.JPG>
Package pdftex.def Info: Figures/overview.JPG used on input line 126.
(pdftex.def)             Requested size: 123.22652pt x 92.03894pt.

<Figures/Geophone.JPG, id=321, 383.93437pt x 475.02469pt>
File: Figures/Geophone.JPG Graphic file (type jpg)

<use Figures/Geophone.JPG>
Package pdftex.def Info: Figures/Geophone.JPG used on input line 126.
(pdftex.def)             Requested size: 68.45801pt x 84.69618pt.
File: Boxlayout_LMU_Mono_ohne_Siegel_grouped_2boxleft_background2.pdf Graphic f
ile (type pdf)

<use Boxlayout_LMU_Mono_ohne_Siegel_grouped_2boxleft_background2.pdf>
Package pdftex.def Info: Boxlayout_LMU_Mono_ohne_Siegel_grouped_2boxleft_backgr
ound2.pdf used on input line 126.
(pdftex.def)             Requested size: 364.19536pt x 34.0796pt.
 [6

 <./Figures/bridge_outside2.JPG> <./Figures/overview.JPG> <./Figures/Geophone.J
PG>]
<Figures/raw1.png, id=354, 909.6384pt x 568.0422pt>
File: Figures/raw1.png Graphic file (type png)
 <use Figures/raw1.png>
Package pdftex.def Info: Figures/raw1.png used on input line 144.
(pdftex.def)             Requested size: 321.52896pt x 200.7853pt.

Overfull \vbox (11.05136pt too high) detected at line 144
 []

File: Boxlayout_LMU_Mono_ohne_Siegel_grouped_2boxleft_background2.pdf Graphic f
ile (type pdf)
<use Boxlayout_LMU_Mono_ohne_Siegel_grouped_2boxleft_background2.pdf>
Package pdftex.def Info: Boxlayout_LMU_Mono_ohne_Siegel_grouped_2boxleft_backgr
ound2.pdf used on input line 144.
(pdftex.def)             Requested size: 364.19536pt x 34.0796pt.
 [7

 <./Figures/raw1.png>] <Figures/raw2.png, id=390, 909.6384pt x 568.0422pt>
File: Figures/raw2.png Graphic file (type png)

<use Figures/raw2.png>
Package pdftex.def Info: Figures/raw2.png used on input line 144.
(pdftex.def)             Requested size: 321.52896pt x 200.7853pt.

Overfull \vbox (11.05136pt too high) detected at line 144
 []

File: Boxlayout_LMU_Mono_ohne_Siegel_grouped_2boxleft_background2.pdf Graphic f
ile (type pdf)
<use Boxlayout_LMU_Mono_ohne_Siegel_grouped_2boxleft_background2.pdf>
Package pdftex.def Info: Boxlayout_LMU_Mono_ohne_Siegel_grouped_2boxleft_backgr
ound2.pdf used on input line 144.
(pdftex.def)             Requested size: 364.19536pt x 34.0796pt.
 [8

 <./Figures/raw2.png>] <Figures/raw2+arrows.png, id=426, 909.6384pt x 568.0422p
t>
File: Figures/raw2+arrows.png Graphic file (type png)

<use Figures/raw2+arrows.png>
Package pdftex.def Info: Figures/raw2+arrows.png used on input line 144.
(pdftex.def)             Requested size: 321.52896pt x 200.7853pt.

Overfull \vbox (11.05136pt too high) detected at line 144
 []

File: Boxlayout_LMU_Mono_ohne_Siegel_grouped_2boxleft_background2.pdf Graphic f
ile (type pdf)
<use Boxlayout_LMU_Mono_ohne_Siegel_grouped_2boxleft_background2.pdf>
Package pdftex.def Info: Boxlayout_LMU_Mono_ohne_Siegel_grouped_2boxleft_backgr
ound2.pdf used on input line 144.
(pdftex.def)             Requested size: 364.19536pt x 34.0796pt.
 [9

 <./Figures/raw2+arrows.png>]
File: Figures/raw2+arrows.png Graphic file (type png)
 <use Figures/raw2+arrows.png>
Package pdftex.def Info: Figures/raw2+arrows.png used on input line 164.
(pdftex.def)             Requested size: 321.52896pt x 200.7853pt.

<Figures/spectrum1.png, id=460, 270.0489pt x 213.1965pt>
File: Figures/spectrum1.png Graphic file (type png)

<use Figures/spectrum1.png>
Package pdftex.def Info: Figures/spectrum1.png used on input line 164.
(pdftex.def)             Requested size: 167.87134pt x 132.52853pt.

Overfull \vbox (11.05136pt too high) detected at line 164
 []

File: Boxlayout_LMU_Mono_ohne_Siegel_grouped_2boxleft_background2.pdf Graphic f
ile (type pdf)
<use Boxlayout_LMU_Mono_ohne_Siegel_grouped_2boxleft_background2.pdf>
Package pdftex.def Info: Boxlayout_LMU_Mono_ohne_Siegel_grouped_2boxleft_backgr
ound2.pdf used on input line 164.
(pdftex.def)             Requested size: 364.19536pt x 34.0796pt.
 [10

 <./Figures/spectrum1.png>]
File: Figures/raw2+arrows.png Graphic file (type png)
 <use Figures/raw2+arrows.png>
Package pdftex.def Info: Figures/raw2+arrows.png used on input line 164.
(pdftex.def)             Requested size: 321.52896pt x 200.7853pt.

<Figures/spectrum2.png, id=495, 270.0489pt x 213.1965pt>
File: Figures/spectrum2.png Graphic file (type png)

<use Figures/spectrum2.png>
Package pdftex.def Info: Figures/spectrum2.png used on input line 164.
(pdftex.def)             Requested size: 167.87134pt x 132.52853pt.

Overfull \vbox (11.05136pt too high) detected at line 164
 []

File: Boxlayout_LMU_Mono_ohne_Siegel_grouped_2boxleft_background2.pdf Graphic f
ile (type pdf)
<use Boxlayout_LMU_Mono_ohne_Siegel_grouped_2boxleft_background2.pdf>
Package pdftex.def Info: Boxlayout_LMU_Mono_ohne_Siegel_grouped_2boxleft_backgr
ound2.pdf used on input line 164.
(pdftex.def)             Requested size: 364.19536pt x 34.0796pt.
 [11

 <./Figures/spectrum2.png>]
File: Figures/raw2+arrows.png Graphic file (type png)
 <use Figures/raw2+arrows.png>
Package pdftex.def Info: Figures/raw2+arrows.png used on input line 183.
(pdftex.def)             Requested size: 321.52896pt x 200.7853pt.

Overfull \vbox (11.05136pt too high) detected at line 183
 []

File: Boxlayout_LMU_Mono_ohne_Siegel_grouped_2boxleft_background2.pdf Graphic f
ile (type pdf)
<use Boxlayout_LMU_Mono_ohne_Siegel_grouped_2boxleft_background2.pdf>
Package pdftex.def Info: Boxlayout_LMU_Mono_ohne_Siegel_grouped_2boxleft_backgr
ound2.pdf used on input line 183.
(pdftex.def)             Requested size: 364.19536pt x 34.0796pt.
 [12

]
<Figures/hot_cold1.png, id=563, 3790.16pt x 2366.8425pt>
File: Figures/hot_cold1.png Graphic file (type png)

<use Figures/hot_cold1.png>
Package pdftex.def Info: Figures/hot_cold1.png used on input line 195.
(pdftex.def)             Requested size: 321.49426pt x 200.76363pt.

Overfull \vbox (11.0297pt too high) detected at line 195
 []

File: Boxlayout_LMU_Mono_ohne_Siegel_grouped_2boxleft_background2.pdf Graphic f
ile (type pdf)
<use Boxlayout_LMU_Mono_ohne_Siegel_grouped_2boxleft_background2.pdf>
Package pdftex.def Info: Boxlayout_LMU_Mono_ohne_Siegel_grouped_2boxleft_backgr
ound2.pdf used on input line 195.
(pdftex.def)             Requested size: 364.19536pt x 34.0796pt.
 [13

 <./Figures/hot_cold1.png>]
File: Figures/hot_cold1.png Graphic file (type png)
 <use Figures/hot_cold1.png>
Package pdftex.def Info: Figures/hot_cold1.png used on input line 221.
(pdftex.def)             Requested size: 321.49426pt x 200.76363pt.

<Figures/cc.JPG, id=598, 1681.28125pt x 439.6425pt>
File: Figures/cc.JPG Graphic file (type jpg)
 <use Figures/cc.JPG>
Package pdftex.def Info: Figures/cc.JPG used on input line 221.
(pdftex.def)             Requested size: 136.91603pt x 35.8027pt.

Underfull \hbox (badness 3884) in paragraph at lines 221--221
[]\OT1/cmss/bx/n/10 Hourly \OT1/cmss/m/n/10 cross-correlations
 []


Underfull \hbox (badness 2310) in paragraph at lines 221--221
[]\OT1/cmss/bx/n/10 Unilateral \OT1/cmss/m/n/10 sources
 []


Overfull \vbox (11.0297pt too high) detected at line 221
 []

File: Boxlayout_LMU_Mono_ohne_Siegel_grouped_2boxleft_background2.pdf Graphic f
ile (type pdf)
<use Boxlayout_LMU_Mono_ohne_Siegel_grouped_2boxleft_background2.pdf>
Package pdftex.def Info: Boxlayout_LMU_Mono_ohne_Siegel_grouped_2boxleft_backgr
ound2.pdf used on input line 221.
(pdftex.def)             Requested size: 364.19536pt x 34.0796pt.
 [14

 <./Figures/cc.JPG>] <Figures/hot_cold3.png, id=632, 3790.16pt x 2366.8425pt>
File: Figures/hot_cold3.png Graphic file (type png)

<use Figures/hot_cold3.png>
Package pdftex.def Info: Figures/hot_cold3.png used on input line 231.
(pdftex.def)             Requested size: 321.49426pt x 200.76363pt.

Overfull \vbox (11.0297pt too high) detected at line 231
 []

File: Boxlayout_LMU_Mono_ohne_Siegel_grouped_2boxleft_background2.pdf Graphic f
ile (type pdf)
<use Boxlayout_LMU_Mono_ohne_Siegel_grouped_2boxleft_background2.pdf>
Package pdftex.def Info: Boxlayout_LMU_Mono_ohne_Siegel_grouped_2boxleft_backgr
ound2.pdf used on input line 231.
(pdftex.def)             Requested size: 364.19536pt x 34.0796pt.
 [15

 <./Figures/hot_cold3.png>]
File: Figures/hot_cold3.png Graphic file (type png)
 <use Figures/hot_cold3.png>
Package pdftex.def Info: Figures/hot_cold3.png used on input line 252.
(pdftex.def)             Requested size: 321.49426pt x 200.76363pt.

Overfull \vbox (11.0297pt too high) detected at line 252
 []

File: Boxlayout_LMU_Mono_ohne_Siegel_grouped_2boxleft_background2.pdf Graphic f
ile (type pdf)
<use Boxlayout_LMU_Mono_ohne_Siegel_grouped_2boxleft_background2.pdf>
Package pdftex.def Info: Boxlayout_LMU_Mono_ohne_Siegel_grouped_2boxleft_backgr
ound2.pdf used on input line 252.
(pdftex.def)             Requested size: 364.19536pt x 34.0796pt.
 [16

]
<Figures/whole1_flip.png, id=698, 3790.16pt x 1893.0725pt>
File: Figures/whole1_flip.png Graphic file (type png)

<use Figures/whole1_flip.png>
Package pdftex.def Info: Figures/whole1_flip.png used on input line 274.
(pdftex.def)             Requested size: 342.25635pt x 170.94688pt.
File: Boxlayout_LMU_Mono_ohne_Siegel_grouped_2boxleft_background2.pdf Graphic f
ile (type pdf)

<use Boxlayout_LMU_Mono_ohne_Siegel_grouped_2boxleft_background2.pdf>
Package pdftex.def Info: Boxlayout_LMU_Mono_ohne_Siegel_grouped_2boxleft_backgr
ound2.pdf used on input line 274.
(pdftex.def)             Requested size: 364.19536pt x 34.0796pt.
 [17

 <./Figures/whole1_flip.png>]
File: Figures/whole1_flip.png Graphic file (type png)
 <use Figures/whole1_flip.png>
Package pdftex.def Info: Figures/whole1_flip.png used on input line 274.
(pdftex.def)             Requested size: 342.25635pt x 170.94688pt.

<Figures/setup_rec_pair.jpg, id=734, 1923.43594pt x 822.07124pt>
File: Figures/setup_rec_pair.jpg Graphic file (type jpg)

<use Figures/setup_rec_pair.jpg>
Package pdftex.def Info: Figures/setup_rec_pair.jpg used on input line 274.
(pdftex.def)             Requested size: 267.59737pt x 114.36165pt.
File: Boxlayout_LMU_Mono_ohne_Siegel_grouped_2boxleft_background2.pdf Graphic f
ile (type pdf)

<use Boxlayout_LMU_Mono_ohne_Siegel_grouped_2boxleft_background2.pdf>
Package pdftex.def Info: Boxlayout_LMU_Mono_ohne_Siegel_grouped_2boxleft_backgr
ound2.pdf used on input line 274.
(pdftex.def)             Requested size: 364.19536pt x 34.0796pt.
 [18

 <./Figures/setup_rec_pair.jpg>]
File: Figures/whole1_flip.png Graphic file (type png)
 <use Figures/whole1_flip.png>
Package pdftex.def Info: Figures/whole1_flip.png used on input line 274.
(pdftex.def)             Requested size: 342.25635pt x 170.94688pt.
File: Boxlayout_LMU_Mono_ohne_Siegel_grouped_2boxleft_background2.pdf Graphic f
ile (type pdf)

<use Boxlayout_LMU_Mono_ohne_Siegel_grouped_2boxleft_background2.pdf>
Package pdftex.def Info: Boxlayout_LMU_Mono_ohne_Siegel_grouped_2boxleft_backgr
ound2.pdf used on input line 274.
(pdftex.def)             Requested size: 364.19536pt x 34.0796pt.
 [19

]
<Figures/whole2_flip.png, id=802, 3790.16pt x 1893.0725pt>
File: Figures/whole2_flip.png Graphic file (type png)

<use Figures/whole2_flip.png>
Package pdftex.def Info: Figures/whole2_flip.png used on input line 274.
(pdftex.def)             Requested size: 342.25635pt x 170.94688pt.
File: Boxlayout_LMU_Mono_ohne_Siegel_grouped_2boxleft_background2.pdf Graphic f
ile (type pdf)

<use Boxlayout_LMU_Mono_ohne_Siegel_grouped_2boxleft_background2.pdf>
Package pdftex.def Info: Boxlayout_LMU_Mono_ohne_Siegel_grouped_2boxleft_backgr
ound2.pdf used on input line 274.
(pdftex.def)             Requested size: 364.19536pt x 34.0796pt.
 [20

 <./Figures/whole2_flip.png>] <Figures/whole2.png, id=836, 3790.16pt x 1893.072
5pt>
File: Figures/whole2.png Graphic file (type png)

<use Figures/whole2.png>
Package pdftex.def Info: Figures/whole2.png used on input line 274.
(pdftex.def)             Requested size: 342.25635pt x 170.94688pt.
File: Boxlayout_LMU_Mono_ohne_Siegel_grouped_2boxleft_background2.pdf Graphic f
ile (type pdf)

<use Boxlayout_LMU_Mono_ohne_Siegel_grouped_2boxleft_background2.pdf>
Package pdftex.def Info: Boxlayout_LMU_Mono_ohne_Siegel_grouped_2boxleft_backgr
ound2.pdf used on input line 274.
(pdftex.def)             Requested size: 364.19536pt x 34.0796pt.
 [21

 <./Figures/whole2.png>]
<Figures/whole3_altern.png, id=871, 3790.16pt x 1893.0725pt>
File: Figures/whole3_altern.png Graphic file (type png)

<use Figures/whole3_altern.png>
Package pdftex.def Info: Figures/whole3_altern.png used on input line 274.
(pdftex.def)             Requested size: 342.25635pt x 170.94688pt.
File: Boxlayout_LMU_Mono_ohne_Siegel_grouped_2boxleft_background2.pdf Graphic f
ile (type pdf)

<use Boxlayout_LMU_Mono_ohne_Siegel_grouped_2boxleft_background2.pdf>
Package pdftex.def Info: Boxlayout_LMU_Mono_ohne_Siegel_grouped_2boxleft_backgr
ound2.pdf used on input line 274.
(pdftex.def)             Requested size: 364.19536pt x 34.0796pt.
 [22

 <./Figures/whole3_altern.png>]
<Figures/stretch_MAR1.png, id=904, 568.0422pt x 226.6869pt>
File: Figures/stretch_MAR1.png Graphic file (type png)

<use Figures/stretch_MAR1.png>
Package pdftex.def Info: Figures/stretch_MAR1.png used on input line 294.
(pdftex.def)             Requested size: 342.29277pt x 136.59775pt.
File: Boxlayout_LMU_Mono_ohne_Siegel_grouped_2boxleft_background2.pdf Graphic f
ile (type pdf)

<use Boxlayout_LMU_Mono_ohne_Siegel_grouped_2boxleft_background2.pdf>
Package pdftex.def Info: Boxlayout_LMU_Mono_ohne_Siegel_grouped_2boxleft_backgr
ound2.pdf used on input line 294.
(pdftex.def)             Requested size: 364.19536pt x 34.0796pt.
 [23

 <./Figures/stretch_MAR1.png>]
<Figures/stretch_MAR2.png, id=939, 568.0422pt x 226.6869pt>
File: Figures/stretch_MAR2.png Graphic file (type png)

<use Figures/stretch_MAR2.png>
Package pdftex.def Info: Figures/stretch_MAR2.png used on input line 294.
(pdftex.def)             Requested size: 342.29277pt x 136.59775pt.
File: Boxlayout_LMU_Mono_ohne_Siegel_grouped_2boxleft_background2.pdf Graphic f
ile (type pdf)

<use Boxlayout_LMU_Mono_ohne_Siegel_grouped_2boxleft_background2.pdf>
Package pdftex.def Info: Boxlayout_LMU_Mono_ohne_Siegel_grouped_2boxleft_backgr
ound2.pdf used on input line 294.
(pdftex.def)             Requested size: 364.19536pt x 34.0796pt.
 [24

 <./Figures/stretch_MAR2.png>]
<Figures/stretch_MAR3.png, id=975, 568.0422pt x 226.6869pt>
File: Figures/stretch_MAR3.png Graphic file (type png)

<use Figures/stretch_MAR3.png>
Package pdftex.def Info: Figures/stretch_MAR3.png used on input line 294.
(pdftex.def)             Requested size: 342.29277pt x 136.59775pt.
File: Boxlayout_LMU_Mono_ohne_Siegel_grouped_2boxleft_background2.pdf Graphic f
ile (type pdf)

<use Boxlayout_LMU_Mono_ohne_Siegel_grouped_2boxleft_background2.pdf>
Package pdftex.def Info: Boxlayout_LMU_Mono_ohne_Siegel_grouped_2boxleft_backgr
ound2.pdf used on input line 294.
(pdftex.def)             Requested size: 364.19536pt x 34.0796pt.
 [25

 <./Figures/stretch_MAR3.png>]
<Figures/stretch_MAR4.png, id=1011, 568.0422pt x 226.6869pt>
File: Figures/stretch_MAR4.png Graphic file (type png)

<use Figures/stretch_MAR4.png>
Package pdftex.def Info: Figures/stretch_MAR4.png used on input line 294.
(pdftex.def)             Requested size: 342.29277pt x 136.59775pt.
File: Boxlayout_LMU_Mono_ohne_Siegel_grouped_2boxleft_background2.pdf Graphic f
ile (type pdf)

<use Boxlayout_LMU_Mono_ohne_Siegel_grouped_2boxleft_background2.pdf>
Package pdftex.def Info: Boxlayout_LMU_Mono_ohne_Siegel_grouped_2boxleft_backgr
ound2.pdf used on input line 294.
(pdftex.def)             Requested size: 364.19536pt x 34.0796pt.
 [26

 <./Figures/stretch_MAR4.png>]
<Figures/stretch_MAR5.png, id=1046, 568.0422pt x 226.6869pt>
File: Figures/stretch_MAR5.png Graphic file (type png)

<use Figures/stretch_MAR5.png>
Package pdftex.def Info: Figures/stretch_MAR5.png used on input line 294.
(pdftex.def)             Requested size: 342.29277pt x 136.59775pt.
File: Boxlayout_LMU_Mono_ohne_Siegel_grouped_2boxleft_background2.pdf Graphic f
ile (type pdf)

<use Boxlayout_LMU_Mono_ohne_Siegel_grouped_2boxleft_background2.pdf>
Package pdftex.def Info: Boxlayout_LMU_Mono_ohne_Siegel_grouped_2boxleft_backgr
ound2.pdf used on input line 294.
(pdftex.def)             Requested size: 364.19536pt x 34.0796pt.
 [27

 <./Figures/stretch_MAR5.png>]
File: Figures/stretch_MAR5.png Graphic file (type png)
 <use Figures/stretch_MAR5.png>
Package pdftex.def Info: Figures/stretch_MAR5.png used on input line 322.
(pdftex.def)             Requested size: 342.29277pt x 136.59775pt.


LaTeX Warning: Command \textdegree invalid in math mode on input line 322.


LaTeX Warning: Command \textdegree invalid in math mode on input line 322.


LaTeX Warning: Command \textdegree invalid in math mode on input line 322.

File: Boxlayout_LMU_Mono_ohne_Siegel_grouped_2boxleft_background2.pdf Graphic f
ile (type pdf)
<use Boxlayout_LMU_Mono_ohne_Siegel_grouped_2boxleft_background2.pdf>
Package pdftex.def Info: Boxlayout_LMU_Mono_ohne_Siegel_grouped_2boxleft_backgr
ound2.pdf used on input line 322.
(pdftex.def)             Requested size: 364.19536pt x 34.0796pt.
 [28

]

LaTeX Warning: Command \textdegree invalid in math mode on input line 353.

File: Boxlayout_LMU_Mono_ohne_Siegel_grouped_2boxleft_background2.pdf Graphic f
ile (type pdf)
<use Boxlayout_LMU_Mono_ohne_Siegel_grouped_2boxleft_background2.pdf>
Package pdftex.def Info: Boxlayout_LMU_Mono_ohne_Siegel_grouped_2boxleft_backgr
ound2.pdf used on input line 353.
(pdftex.def)             Requested size: 364.19536pt x 34.0796pt.
 [29

]

LaTeX Warning: Command \textdegree invalid in math mode on input line 383.

File: Boxlayout_LMU_Mono_ohne_Siegel_grouped_2boxleft_background2.pdf Graphic f
ile (type pdf)
<use Boxlayout_LMU_Mono_ohne_Siegel_grouped_2boxleft_background2.pdf>
Package pdftex.def Info: Boxlayout_LMU_Mono_ohne_Siegel_grouped_2boxleft_backgr
ound2.pdf used on input line 383.
(pdftex.def)             Requested size: 364.19536pt x 34.0796pt.
 [30

]

LaTeX Warning: Command \textdegree invalid in math mode on input line 413.

File: Boxlayout_LMU_Mono_ohne_Siegel_grouped_2boxleft_background2.pdf Graphic f
ile (type pdf)
<use Boxlayout_LMU_Mono_ohne_Siegel_grouped_2boxleft_background2.pdf>
Package pdftex.def Info: Boxlayout_LMU_Mono_ohne_Siegel_grouped_2boxleft_backgr
ound2.pdf used on input line 413.
(pdftex.def)             Requested size: 364.19536pt x 34.0796pt.
 [31

]

LaTeX Warning: Command \textdegree invalid in math mode on input line 436.


LaTeX Warning: Command \textdegree invalid in math mode on input line 436.

File: Boxlayout_LMU_Mono_ohne_Siegel_grouped_2boxleft_background2.pdf Graphic f
ile (type pdf)
<use Boxlayout_LMU_Mono_ohne_Siegel_grouped_2boxleft_background2.pdf>
Package pdftex.def Info: Boxlayout_LMU_Mono_ohne_Siegel_grouped_2boxleft_backgr
ound2.pdf used on input line 436.
(pdftex.def)             Requested size: 364.19536pt x 34.0796pt.
 [32

]
<Figures/BAM_bridge.pdf, id=1246, 990.09903pt x 137.313pt>
File: Figures/BAM_bridge.pdf Graphic file (type pdf)

<use Figures/BAM_bridge.pdf>
Package pdftex.def Info: Figures/BAM_bridge.pdf used on input line 470.
(pdftex.def)             Requested size: 325.17949pt x 45.09761pt.

<Figures/TU-plate2.jpg, id=1247, 831.105pt x 445.665pt>
File: Figures/TU-plate2.jpg Graphic file (type jpg)

<use Figures/TU-plate2.jpg>
Package pdftex.def Info: Figures/TU-plate2.jpg used on input line 470.
(pdftex.def)             Requested size: 205.37926pt x 110.13072pt.

<Figures/bridge3.png, id=1248, 2380.895pt x 501.875pt>
File: Figures/bridge3.png Graphic file (type png)

<use Figures/bridge3.png>
Package pdftex.def Info: Figures/bridge3.png used on input line 470.
(pdftex.def)             Requested size: 239.60567pt x 50.50441pt.
 <Figures/abriss.jpg, id=1249, 2457.18pt x 3276.24pt>
File: Figures/abriss.jpg Graphic file (type jpg)

<use Figures/abriss.jpg>
Package pdftex.def Info: Figures/abriss.jpg used on input line 470.
(pdftex.def)             Requested size: 102.68962pt x 136.87627pt.
File: Boxlayout_LMU_Mono_ohne_Siegel_grouped_2boxleft_background2.pdf Graphic f
ile (type pdf)

<use Boxlayout_LMU_Mono_ohne_Siegel_grouped_2boxleft_background2.pdf>
Package pdftex.def Info: Boxlayout_LMU_Mono_ohne_Siegel_grouped_2boxleft_backgr
ound2.pdf used on input line 470.
(pdftex.def)             Requested size: 364.19536pt x 34.0796pt.
 [33

 <./Figures/BAM_bridge.pdf> <./Figures/TU-plate2.jpg> <./Figures/bridge3.png> <
./Figures/abriss.jpg>]
File: Figures/BAM_bridge.pdf Graphic file (type pdf)
 <use Figures/BAM_bridge.pdf>
Package pdftex.def Info: Figures/BAM_bridge.pdf used on input line 470.
(pdftex.def)             Requested size: 325.17949pt x 45.09761pt.
File: Figures/TU-plate2.jpg Graphic file (type jpg)
 <use Figures/TU-plate2.jpg>
Package pdftex.def Info: Figures/TU-plate2.jpg used on input line 470.
(pdftex.def)             Requested size: 205.37926pt x 110.13072pt.
File: Figures/bridge3.png Graphic file (type png)

<use Figures/bridge3.png>
Package pdftex.def Info: Figures/bridge3.png used on input line 470.
(pdftex.def)             Requested size: 239.60567pt x 50.50441pt.
File: Figures/abriss.jpg Graphic file (type jpg)
 <use Figures/abriss.jpg>
Package pdftex.def Info: Figures/abriss.jpg used on input line 470.
(pdftex.def)             Requested size: 102.68962pt x 136.87627pt.
File: Boxlayout_LMU_Mono_ohne_Siegel_grouped_2boxleft_background2.pdf Graphic f
ile (type pdf)

<use Boxlayout_LMU_Mono_ohne_Siegel_grouped_2boxleft_background2.pdf>
Package pdftex.def Info: Boxlayout_LMU_Mono_ohne_Siegel_grouped_2boxleft_backgr
ound2.pdf used on input line 470.
(pdftex.def)             Requested size: 364.19536pt x 34.0796pt.
 [34

]
File: Figures/BAM_bridge.pdf Graphic file (type pdf)

<use Figures/BAM_bridge.pdf>
Package pdftex.def Info: Figures/BAM_bridge.pdf used on input line 470.
(pdftex.def)             Requested size: 325.17949pt x 45.09761pt.
File: Figures/TU-plate2.jpg Graphic file (type jpg)
 <use Figures/TU-plate2.jpg>
Package pdftex.def Info: Figures/TU-plate2.jpg used on input line 470.
(pdftex.def)             Requested size: 205.37926pt x 110.13072pt.
File: Figures/bridge3.png Graphic file (type png)

<use Figures/bridge3.png>
Package pdftex.def Info: Figures/bridge3.png used on input line 470.
(pdftex.def)             Requested size: 239.60567pt x 50.50441pt.
File: Figures/abriss.jpg Graphic file (type jpg)
 <use Figures/abriss.jpg>
Package pdftex.def Info: Figures/abriss.jpg used on input line 470.
(pdftex.def)             Requested size: 102.68962pt x 136.87627pt.
File: Boxlayout_LMU_Mono_ohne_Siegel_grouped_2boxleft_background2.pdf Graphic f
ile (type pdf)

<use Boxlayout_LMU_Mono_ohne_Siegel_grouped_2boxleft_background2.pdf>
Package pdftex.def Info: Boxlayout_LMU_Mono_ohne_Siegel_grouped_2boxleft_backgr
ound2.pdf used on input line 470.
(pdftex.def)             Requested size: 364.19536pt x 34.0796pt.
 [35

]
<Figures/questions.jpeg, id=1363, 225.84375pt x 224.84pt>
File: Figures/questions.jpeg Graphic file (type jpg)

<use Figures/questions.jpeg>
Package pdftex.def Info: Figures/questions.jpeg used on input line 483.
(pdftex.def)             Requested size: 102.68962pt x 102.23373pt.
File: Boxlayout_LMU_Mono_ohne_Siegel_grouped_2boxleft_background2.pdf Graphic f
ile (type pdf)

<use Boxlayout_LMU_Mono_ohne_Siegel_grouped_2boxleft_background2.pdf>
Package pdftex.def Info: Boxlayout_LMU_Mono_ohne_Siegel_grouped_2boxleft_backgr
ound2.pdf used on input line 483.
(pdftex.def)             Requested size: 364.19536pt x 34.0796pt.
 [36

 <./Figures/questions.jpeg>]

Package hyperref Warning: Token not allowed in a PDF string (PDFDocEncoding):
(hyperref)                removing `\translate ' on input line 487.

<Figures/9.pdf, id=1398, 577.2566pt x 292.69351pt>
File: Figures/9.pdf Graphic file (type pdf)
 <use Figures/9.pdf>
Package pdftex.def Info: Figures/9.pdf used on input line 494.
(pdftex.def)             Requested size: 342.2953pt x 173.55856pt.
File: Boxlayout_LMU_Mono_ohne_Siegel_grouped_2boxleft_background2.pdf Graphic f
ile (type pdf)

<use Boxlayout_LMU_Mono_ohne_Siegel_grouped_2boxleft_background2.pdf>
Package pdftex.def Info: Boxlayout_LMU_Mono_ohne_Siegel_grouped_2boxleft_backgr
ound2.pdf used on input line 494.
(pdftex.def)             Requested size: 364.19536pt x 34.0796pt.
 [37

 <./Figures/9.pdf>] <Figures/whole3.png, id=1428, 3790.16pt x 1893.0725pt>
File: Figures/whole3.png Graphic file (type png)

<use Figures/whole3.png>
Package pdftex.def Info: Figures/whole3.png used on input line 501.
(pdftex.def)             Requested size: 342.2953pt x 170.94688pt.
File: Boxlayout_LMU_Mono_ohne_Siegel_grouped_2boxleft_background2.pdf Graphic f
ile (type pdf)

<use Boxlayout_LMU_Mono_ohne_Siegel_grouped_2boxleft_background2.pdf>
Package pdftex.def Info: Boxlayout_LMU_Mono_ohne_Siegel_grouped_2boxleft_backgr
ound2.pdf used on input line 501.
(pdftex.def)             Requested size: 364.19536pt x 34.0796pt.
 [38

 <./Figures/whole3.png>]
<Figures/stretchingMethod.png, id=1440, 576.7146pt x 235.6002pt>
File: Figures/stretchingMethod.png Graphic file (type png)

<use Figures/stretchingMethod.png>
Package pdftex.def Info: Figures/stretchingMethod.png used on input line 508.
(pdftex.def)             Requested size: 342.2953pt x 139.84053pt.
File: Boxlayout_LMU_Mono_ohne_Siegel_grouped_2boxleft_background2.pdf Graphic f
ile (type pdf)

<use Boxlayout_LMU_Mono_ohne_Siegel_grouped_2boxleft_background2.pdf>
Package pdftex.def Info: Boxlayout_LMU_Mono_ohne_Siegel_grouped_2boxleft_backgr
ound2.pdf used on input line 508.
(pdftex.def)             Requested size: 364.19536pt x 34.0796pt.
 [39

 <./Figures/stretchingMethod.png>]
<Figures/eigenfreq_evolution.png, id=1453, 1310.2551pt x 747.2718pt>
File: Figures/eigenfreq_evolution.png Graphic file (type png)

<use Figures/eigenfreq_evolution.png>
Package pdftex.def Info: Figures/eigenfreq_evolution.png used on input line 515
.
(pdftex.def)             Requested size: 342.2953pt x 195.20967pt.

Overfull \vbox (5.47575pt too high) detected at line 515
 []

File: Boxlayout_LMU_Mono_ohne_Siegel_grouped_2boxleft_background2.pdf Graphic f
ile (type pdf)
<use Boxlayout_LMU_Mono_ohne_Siegel_grouped_2boxleft_background2.pdf>
Package pdftex.def Info: Boxlayout_LMU_Mono_ohne_Siegel_grouped_2boxleft_backgr
ound2.pdf used on input line 515.
(pdftex.def)             Requested size: 364.19536pt x 34.0796pt.
 [40

 <./Figures/eigenfreq_evolution.png>]
<Figures/freq_resp2.JPEG, id=1466, 3057.92438pt x 1985.91937pt>
File: Figures/freq_resp2.JPEG Graphic file (type jpg)

<use Figures/freq_resp2.JPEG>
Package pdftex.def Info: Figures/freq_resp2.JPEG used on input line 522.
(pdftex.def)             Requested size: 290.9531pt x 188.93703pt.
File: Boxlayout_LMU_Mono_ohne_Siegel_grouped_2boxleft_background2.pdf Graphic f
ile (type pdf)

<use Boxlayout_LMU_Mono_ohne_Siegel_grouped_2boxleft_background2.pdf>
Package pdftex.def Info: Boxlayout_LMU_Mono_ohne_Siegel_grouped_2boxleft_backgr
ound2.pdf used on input line 522.
(pdftex.def)             Requested size: 364.19536pt x 34.0796pt.
 [41

 <./Figures/freq_resp2.JPEG>]
\tf@nav=\write7
\openout7 = `t_DGG2016.nav'.

\tf@toc=\write8
\openout8 = `t_DGG2016.toc'.

\tf@snm=\write9
\openout9 = `t_DGG2016.snm'.

Package atveryend Info: Empty hook `BeforeClearDocument' on input line 525.
Package atveryend Info: Empty hook `AfterLastShipout' on input line 525.
 (./t_DGG2016.aux)
Package atveryend Info: Executing hook `AtVeryEndDocument' on input line 525.
Package atveryend Info: Executing hook `AtEndAfterFileList' on input line 525.
Package rerunfilecheck Info: File `t_DGG2016.out' has not changed.
(rerunfilecheck)             Checksum: 84F74AAA9C4C40FF0EA8EF479206F4C2;971.
Package atveryend Info: Empty hook `AtVeryVeryEnd' on input line 525.
 ) 
Here is how much of TeX's memory you used:
 20262 strings out of 494935
 380775 string characters out of 6178123
 489590 words of memory out of 5000000
 22876 multiletter control sequences out of 15000+600000
 15984 words of font info for 59 fonts, out of 8000000 for 9000
 36 hyphenation exceptions out of 8191
 49i,18n,63p,1206b,979s stack positions out of 5000i,500n,10000p,200000b,80000s
</usr/share/texlive/texmf-dist/fonts/type1/public/amsfonts/cm/cmmi10.pfb></us
r/share/texlive/texmf-dist/fonts/type1/public/amsfonts/cm/cmss10.pfb></usr/shar
e/texlive/texmf-dist/fonts/type1/public/amsfonts/cm/cmss12.pfb></usr/share/texl
ive/texmf-dist/fonts/type1/public/amsfonts/cm/cmss17.pfb></usr/share/texlive/te
xmf-dist/fonts/type1/public/amsfonts/cm/cmss8.pfb></usr/share/texlive/texmf-dis
t/fonts/type1/public/amsfonts/cm/cmssbx10.pfb></usr/share/texlive/texmf-dist/fo
nts/type1/public/amsfonts/cm/cmssi8.pfb></usr/share/texlive/texmf-dist/fonts/ty
pe1/public/amsfonts/cm/cmsy10.pfb></usr/share/texlive/texmf-dist/fonts/type1/pu
blic/amsfonts/cm/cmsy5.pfb></usr/share/texlive/texmf-dist/fonts/type1/public/am
sfonts/cm/cmsy7.pfb>
Output written on t_DGG2016.pdf (41 pages, 17817605 bytes).
PDF statistics:
 1537 PDF objects out of 1728 (max. 8388607)
 1375 compressed objects within 14 object streams
 102 named destinations out of 1000 (max. 500000)
 370 words of extra memory for PDF output out of 10000 (max. 10000000)

